c:\work\dx3d\dx3d\debug\dx3d.obj
c:\work\dx3d\dx3d\debug\cmaingame.obj
c:\work\dx3d\dx3d\debug\dx3d.pch
c:\work\dx3d\dx3d\debug\vc140.pdb
c:\work\dx3d\dx3d\debug\vc140.idb
c:\work\dx3d\dx3d\debug\stdafx.obj
c:\work\dx3d\dx3d\debug\cdevicemanager.obj
c:\work\dx3d\debug\dx3d.ilk
c:\work\dx3d\debug\dx3d.exe
c:\work\dx3d\debug\dx3d.pdb
c:\work\dx3d\dx3d\debug\dx3d.res
c:\work\dx3d\dx3d\debug\dx3d.tlog\cl.command.1.tlog
c:\work\dx3d\dx3d\debug\dx3d.tlog\cl.read.1.tlog
c:\work\dx3d\dx3d\debug\dx3d.tlog\cl.write.1.tlog
c:\work\dx3d\dx3d\debug\dx3d.tlog\link.command.1.tlog
c:\work\dx3d\dx3d\debug\dx3d.tlog\link.read.1.tlog
c:\work\dx3d\dx3d\debug\dx3d.tlog\link.write.1.tlog
c:\work\dx3d\dx3d\debug\dx3d.tlog\rc.command.1.tlog
c:\work\dx3d\dx3d\debug\dx3d.tlog\rc.read.1.tlog
c:\work\dx3d\dx3d\debug\dx3d.tlog\rc.write.1.tlog
